2025-11-19 18:36:09.753 [info] [main] Log level: Info
2025-11-19 18:36:09.753 [info] [main] Validating found git in: "git"
2025-11-19 18:36:09.753 [info] [main] Using git "2.47.3" from "git"
2025-11-19 18:36:09.754 [info] [Model][doInitialScan] Initial repository scan started
2025-11-19 18:36:09.754 [info] > git rev-parse --show-toplevel [6ms]
2025-11-19 18:36:09.754 [info] fatal: not a git repository (or any parent up to mount point /)
Stopping at filesystem boundary (GIT_DISCOVERY_ACROSS_FILESYSTEM not set).
2025-11-19 18:36:09.754 [info] > git rev-parse --show-toplevel [10ms]
2025-11-19 18:36:09.754 [info] fatal: not a git repository (or any parent up to mount point /)
Stopping at filesystem boundary (GIT_DISCOVERY_ACROSS_FILESYSTEM not set).
2025-11-19 18:36:09.754 [info] > git rev-parse --show-toplevel [3ms]
2025-11-19 18:36:09.754 [info] fatal: not a git repository (or any parent up to mount point /)
Stopping at filesystem boundary (GIT_DISCOVERY_ACROSS_FILESYSTEM not set).
2025-11-19 18:36:09.754 [info] > git rev-parse --show-toplevel [1ms]
2025-11-19 18:36:09.754 [info] fatal: not a git repository (or any parent up to mount point /)
Stopping at filesystem boundary (GIT_DISCOVERY_ACROSS_FILESYSTEM not set).
2025-11-19 18:36:09.754 [info] > git rev-parse --show-toplevel [1ms]
2025-11-19 18:36:09.754 [info] fatal: not a git repository (or any parent up to mount point /)
Stopping at filesystem boundary (GIT_DISCOVERY_ACROSS_FILESYSTEM not set).
2025-11-19 18:36:09.754 [info] [Model][doInitialScan] Initial repository scan completed - repositories (0), closed repositories (0), parent repositories (0), unsafe repositories (0)
2025-11-19 18:36:10.126 [info] > git rev-parse --show-toplevel [1ms]
2025-11-19 18:36:10.126 [info] fatal: not a git repository (or any parent up to mount point /)
Stopping at filesystem boundary (GIT_DISCOVERY_ACROSS_FILESYSTEM not set).
2025-11-19 18:36:10.299 [info] > git rev-parse --show-toplevel [8ms]
2025-11-19 18:36:10.299 [info] fatal: not a git repository (or any parent up to mount point /)
Stopping at filesystem boundary (GIT_DISCOVERY_ACROSS_FILESYSTEM not set).
2025-11-19 18:36:11.182 [info] > git rev-parse --show-toplevel [3ms]
2025-11-19 18:36:11.182 [info] fatal: not a git repository (or any parent up to mount point /)
Stopping at filesystem boundary (GIT_DISCOVERY_ACROSS_FILESYSTEM not set).
2025-11-19 18:36:12.704 [info] > git rev-parse --show-toplevel [3ms]
2025-11-19 18:36:12.704 [info] fatal: not a git repository (or any parent up to mount point /)
Stopping at filesystem boundary (GIT_DISCOVERY_ACROSS_FILESYSTEM not set).
2025-11-19 18:36:12.724 [info] > git rev-parse --show-toplevel [3ms]
2025-11-19 18:36:12.724 [info] fatal: not a git repository (or any parent up to mount point /)
Stopping at filesystem boundary (GIT_DISCOVERY_ACROSS_FILESYSTEM not set).
