2025-11-18 20:27:39.268 [info] [main] Log level: Info
2025-11-18 20:27:39.268 [info] [main] Validating found git in: "git"
2025-11-18 20:27:39.268 [info] [main] Using git "2.47.3" from "git"
2025-11-18 20:27:39.268 [info] [Model][doInitialScan] Initial repository scan started
2025-11-18 20:27:39.268 [info] > git rev-parse --show-toplevel [24ms]
2025-11-18 20:27:39.268 [info] fatal: not a git repository (or any parent up to mount point /)
Stopping at filesystem boundary (GIT_DISCOVERY_ACROSS_FILESYSTEM not set).
2025-11-18 20:27:39.268 [info] [Model][doInitialScan] Initial repository scan completed - repositories (0), closed repositories (0), parent repositories (0), unsafe repositories (0)
2025-11-18 20:27:40.053 [info] > git rev-parse --show-toplevel [3ms]
2025-11-18 20:27:40.053 [info] fatal: not a git repository (or any parent up to mount point /)
Stopping at filesystem boundary (GIT_DISCOVERY_ACROSS_FILESYSTEM not set).
2025-11-18 20:27:41.788 [info] > git rev-parse --show-toplevel [4ms]
2025-11-18 20:27:41.788 [info] fatal: not a git repository (or any parent up to mount point /)
Stopping at filesystem boundary (GIT_DISCOVERY_ACROSS_FILESYSTEM not set).
2025-11-18 20:27:41.812 [info] > git rev-parse --show-toplevel [2ms]
2025-11-18 20:27:41.812 [info] fatal: not a git repository (or any parent up to mount point /)
Stopping at filesystem boundary (GIT_DISCOVERY_ACROSS_FILESYSTEM not set).
2025-11-18 20:27:55.578 [info] > git rev-parse --show-toplevel [72ms]
2025-11-18 20:27:55.578 [info] fatal: not a git repository (or any parent up to mount point /)
Stopping at filesystem boundary (GIT_DISCOVERY_ACROSS_FILESYSTEM not set).
2025-11-18 20:28:09.379 [info] > git rev-parse --show-toplevel [2ms]
2025-11-18 20:28:09.379 [info] fatal: not a git repository (or any parent up to mount point /)
Stopping at filesystem boundary (GIT_DISCOVERY_ACROSS_FILESYSTEM not set).
2025-11-18 20:28:37.867 [info] > git rev-parse --show-toplevel [3ms]
2025-11-18 20:28:37.868 [info] fatal: not a git repository (or any parent up to mount point /)
Stopping at filesystem boundary (GIT_DISCOVERY_ACROSS_FILESYSTEM not set).
2025-11-18 20:29:42.583 [info] > git rev-parse --show-toplevel [3ms]
2025-11-18 20:29:42.583 [info] fatal: not a git repository (or any parent up to mount point /)
Stopping at filesystem boundary (GIT_DISCOVERY_ACROSS_FILESYSTEM not set).
2025-11-18 20:29:47.634 [info] > git rev-parse --show-toplevel [2ms]
2025-11-18 20:29:47.634 [info] fatal: not a git repository (or any parent up to mount point /)
Stopping at filesystem boundary (GIT_DISCOVERY_ACROSS_FILESYSTEM not set).
2025-11-18 20:33:04.730 [info] > git rev-parse --show-toplevel [3ms]
2025-11-18 20:33:04.730 [info] fatal: not a git repository (or any parent up to mount point /)
Stopping at filesystem boundary (GIT_DISCOVERY_ACROSS_FILESYSTEM not set).
2025-11-18 20:34:30.476 [info] > git rev-parse --show-toplevel [2ms]
2025-11-18 20:34:30.476 [info] fatal: not a git repository (or any parent up to mount point /)
Stopping at filesystem boundary (GIT_DISCOVERY_ACROSS_FILESYSTEM not set).
2025-11-18 20:37:08.980 [info] > git rev-parse --show-toplevel [2ms]
2025-11-18 20:37:08.980 [info] fatal: not a git repository (or any parent up to mount point /)
Stopping at filesystem boundary (GIT_DISCOVERY_ACROSS_FILESYSTEM not set).
2025-11-18 20:37:35.862 [info] > git rev-parse --show-toplevel [4ms]
2025-11-18 20:37:35.862 [info] fatal: not a git repository (or any parent up to mount point /)
Stopping at filesystem boundary (GIT_DISCOVERY_ACROSS_FILESYSTEM not set).
2025-11-18 20:37:39.529 [info] > git rev-parse --show-toplevel [4ms]
2025-11-18 20:37:39.529 [info] fatal: not a git repository (or any parent up to mount point /)
Stopping at filesystem boundary (GIT_DISCOVERY_ACROSS_FILESYSTEM not set).
2025-11-18 20:40:39.708 [info] > git rev-parse --show-toplevel [2ms]
2025-11-18 20:40:39.708 [info] fatal: not a git repository (or any parent up to mount point /)
Stopping at filesystem boundary (GIT_DISCOVERY_ACROSS_FILESYSTEM not set).
2025-11-18 20:40:58.312 [info] > git rev-parse --show-toplevel [4ms]
2025-11-18 20:40:58.312 [info] fatal: not a git repository (or any parent up to mount point /)
Stopping at filesystem boundary (GIT_DISCOVERY_ACROSS_FILESYSTEM not set).
2025-11-19 13:53:55.627 [info] > git rev-parse --show-toplevel [3ms]
2025-11-19 13:53:55.627 [info] fatal: not a git repository (or any parent up to mount point /)
Stopping at filesystem boundary (GIT_DISCOVERY_ACROSS_FILESYSTEM not set).
2025-11-19 15:37:52.070 [info] > git rev-parse --show-toplevel [3ms]
2025-11-19 15:37:52.070 [info] fatal: not a git repository (or any parent up to mount point /)
Stopping at filesystem boundary (GIT_DISCOVERY_ACROSS_FILESYSTEM not set).
