2025-11-19 18:41:18.575 [info] [main] Log level: Info
2025-11-19 18:41:18.575 [info] [main] Validating found git in: "git"
2025-11-19 18:41:18.575 [info] [main] Using git "2.47.3" from "git"
2025-11-19 18:41:18.575 [info] [Model][doInitialScan] Initial repository scan started
2025-11-19 18:41:18.575 [info] > git rev-parse --show-toplevel [16ms]
2025-11-19 18:41:18.575 [info] fatal: not a git repository (or any parent up to mount point /)
Stopping at filesystem boundary (GIT_DISCOVERY_ACROSS_FILESYSTEM not set).
2025-11-19 18:41:18.575 [info] > git rev-parse --show-toplevel [8ms]
2025-11-19 18:41:18.575 [info] fatal: not a git repository (or any parent up to mount point /)
Stopping at filesystem boundary (GIT_DISCOVERY_ACROSS_FILESYSTEM not set).
2025-11-19 18:41:18.575 [info] > git rev-parse --show-toplevel [3ms]
2025-11-19 18:41:18.575 [info] fatal: not a git repository (or any parent up to mount point /)
Stopping at filesystem boundary (GIT_DISCOVERY_ACROSS_FILESYSTEM not set).
2025-11-19 18:41:18.575 [info] > git rev-parse --show-toplevel [2ms]
2025-11-19 18:41:18.575 [info] fatal: not a git repository (or any parent up to mount point /)
Stopping at filesystem boundary (GIT_DISCOVERY_ACROSS_FILESYSTEM not set).
2025-11-19 18:41:18.575 [info] > git rev-parse --show-toplevel [2ms]
2025-11-19 18:41:18.575 [info] fatal: not a git repository (or any parent up to mount point /)
Stopping at filesystem boundary (GIT_DISCOVERY_ACROSS_FILESYSTEM not set).
2025-11-19 18:41:18.575 [info] [Model][doInitialScan] Initial repository scan completed - repositories (0), closed repositories (0), parent repositories (0), unsafe repositories (0)
2025-11-19 18:41:18.745 [info] > git rev-parse --show-toplevel [3ms]
2025-11-19 18:41:18.745 [info] fatal: not a git repository (or any parent up to mount point /)
Stopping at filesystem boundary (GIT_DISCOVERY_ACROSS_FILESYSTEM not set).
2025-11-19 18:41:18.912 [info] > git rev-parse --show-toplevel [4ms]
2025-11-19 18:41:18.912 [info] fatal: not a git repository (or any parent up to mount point /)
Stopping at filesystem boundary (GIT_DISCOVERY_ACROSS_FILESYSTEM not set).
2025-11-19 18:41:19.977 [info] > git rev-parse --show-toplevel [4ms]
2025-11-19 18:41:19.977 [info] fatal: not a git repository (or any parent up to mount point /)
Stopping at filesystem boundary (GIT_DISCOVERY_ACROSS_FILESYSTEM not set).
2025-11-19 18:41:21.151 [info] > git rev-parse --show-toplevel [2ms]
2025-11-19 18:41:21.151 [info] fatal: not a git repository (or any parent up to mount point /)
Stopping at filesystem boundary (GIT_DISCOVERY_ACROSS_FILESYSTEM not set).
2025-11-19 18:41:21.178 [info] > git rev-parse --show-toplevel [3ms]
2025-11-19 18:41:21.178 [info] fatal: not a git repository (or any parent up to mount point /)
Stopping at filesystem boundary (GIT_DISCOVERY_ACROSS_FILESYSTEM not set).
2025-11-19 18:42:54.492 [info] > git rev-parse --show-toplevel [3ms]
2025-11-19 18:42:54.492 [info] fatal: not a git repository (or any parent up to mount point /)
Stopping at filesystem boundary (GIT_DISCOVERY_ACROSS_FILESYSTEM not set).
2025-11-19 18:43:02.242 [info] > git rev-parse --show-toplevel [10ms]
2025-11-19 18:43:02.242 [info] fatal: not a git repository (or any parent up to mount point /)
Stopping at filesystem boundary (GIT_DISCOVERY_ACROSS_FILESYSTEM not set).
2025-11-19 18:43:12.789 [info] > git rev-parse --show-toplevel [5ms]
2025-11-19 18:43:12.789 [info] fatal: not a git repository (or any parent up to mount point /)
Stopping at filesystem boundary (GIT_DISCOVERY_ACROSS_FILESYSTEM not set).
2025-11-19 18:43:35.113 [info] > git rev-parse --show-toplevel [3ms]
2025-11-19 18:43:35.113 [info] fatal: not a git repository (or any parent up to mount point /)
Stopping at filesystem boundary (GIT_DISCOVERY_ACROSS_FILESYSTEM not set).
2025-11-19 18:47:34.670 [info] > git rev-parse --show-toplevel [3ms]
2025-11-19 18:47:34.671 [info] fatal: not a git repository (or any parent up to mount point /)
Stopping at filesystem boundary (GIT_DISCOVERY_ACROSS_FILESYSTEM not set).
2025-11-21 12:55:54.338 [info] > git rev-parse --show-toplevel [4ms]
2025-11-21 12:55:54.338 [info] fatal: not a git repository (or any parent up to mount point /)
Stopping at filesystem boundary (GIT_DISCOVERY_ACROSS_FILESYSTEM not set).
2025-11-21 12:56:01.550 [info] > git rev-parse --show-toplevel [2ms]
2025-11-21 12:56:01.550 [info] fatal: not a git repository (or any parent up to mount point /)
Stopping at filesystem boundary (GIT_DISCOVERY_ACROSS_FILESYSTEM not set).
